[2020-11-18 09:45:57.080] [jointLog] [info] setting maxHashResizeThreads to 40
[2020-11-18 09:45:57.080] [jointLog] [info] Fragment incompatibility prior below threshold.  Incompatible fragments will be ignored.
[2020-11-18 09:45:57.080] [jointLog] [info] Usage of --validateMappings implies use of minScoreFraction. Since not explicitly specified, it is being set to 0.65
[2020-11-18 09:45:57.088] [jointLog] [info] Usage of --validateMappings implies a default consensus slack of 0.2. Setting consensusSlack to 0.35.
[2020-11-18 09:45:57.088] [jointLog] [info] parsing read library format
[2020-11-18 09:45:57.088] [jointLog] [info] There is 1 library.
[2020-11-18 09:45:57.202] [jointLog] [info] Loading pufferfish index
[2020-11-18 09:45:57.203] [jointLog] [info] Loading dense pufferfish index.
[2020-11-18 09:46:39.731] [jointLog] [info] done
[2020-11-18 09:46:39.750] [jointLog] [info] Index contained 24,576 targets
[2020-11-18 09:46:40.244] [jointLog] [info] Number of decoys : 26
[2020-11-18 09:46:40.244] [jointLog] [info] First decoy index : 24,550 
[2020-11-18 09:48:01.991] [jointLog] [info] Thread saw mini-batch with a maximum of 0.70% zero probability fragments
[2020-11-18 09:48:01.991] [jointLog] [info] Thread saw mini-batch with a maximum of 0.68% zero probability fragments
[2020-11-18 09:48:01.991] [jointLog] [info] Thread saw mini-batch with a maximum of 0.64% zero probability fragments
[2020-11-18 09:48:01.991] [jointLog] [info] Thread saw mini-batch with a maximum of 0.66% zero probability fragments
[2020-11-18 09:48:01.991] [jointLog] [info] Thread saw mini-batch with a maximum of 0.66% zero probability fragments
[2020-11-18 09:48:01.991] [jointLog] [info] Thread saw mini-batch with a maximum of 0.70% zero probability fragments
[2020-11-18 09:48:01.991] [jointLog] [info] Thread saw mini-batch with a maximum of 0.68% zero probability fragments
[2020-11-18 09:48:01.991] [jointLog] [info] Thread saw mini-batch with a maximum of 0.76% zero probability fragments
[2020-11-18 09:48:01.991] [jointLog] [info] Thread saw mini-batch with a maximum of 0.62% zero probability fragments
[2020-11-18 09:48:01.991] [jointLog] [info] Thread saw mini-batch with a maximum of 0.66% zero probability fragments
[2020-11-18 09:48:01.991] [jointLog] [info] Thread saw mini-batch with a maximum of 0.64% zero probability fragments
[2020-11-18 09:48:01.991] [jointLog] [info] Thread saw mini-batch with a maximum of 0.72% zero probability fragments
[2020-11-18 09:48:01.991] [jointLog] [info] Thread saw mini-batch with a maximum of 0.74% zero probability fragments
[2020-11-18 09:48:01.991] [jointLog] [info] Thread saw mini-batch with a maximum of 0.64% zero probability fragments
[2020-11-18 09:48:01.991] [jointLog] [info] Thread saw mini-batch with a maximum of 0.64% zero probability fragments
[2020-11-18 09:48:01.991] [jointLog] [info] Thread saw mini-batch with a maximum of 0.66% zero probability fragments
[2020-11-18 09:48:02.002] [jointLog] [info] Thread saw mini-batch with a maximum of 0.70% zero probability fragments
[2020-11-18 09:48:02.017] [jointLog] [info] Thread saw mini-batch with a maximum of 0.62% zero probability fragments
[2020-11-18 09:48:02.034] [jointLog] [info] Thread saw mini-batch with a maximum of 0.66% zero probability fragments
[2020-11-18 09:48:02.063] [jointLog] [info] Thread saw mini-batch with a maximum of 0.64% zero probability fragments
[2020-11-18 09:48:02.063] [jointLog] [info] Thread saw mini-batch with a maximum of 0.68% zero probability fragments
[2020-11-18 09:48:02.071] [jointLog] [info] Thread saw mini-batch with a maximum of 0.62% zero probability fragments
[2020-11-18 09:48:02.079] [jointLog] [info] Thread saw mini-batch with a maximum of 0.64% zero probability fragments
[2020-11-18 09:48:02.081] [jointLog] [info] Thread saw mini-batch with a maximum of 0.64% zero probability fragments
[2020-11-18 09:48:02.088] [jointLog] [info] Thread saw mini-batch with a maximum of 0.68% zero probability fragments
[2020-11-18 09:48:02.108] [jointLog] [info] Thread saw mini-batch with a maximum of 0.72% zero probability fragments
[2020-11-18 09:48:02.122] [jointLog] [info] Thread saw mini-batch with a maximum of 0.66% zero probability fragments
[2020-11-18 09:48:02.128] [jointLog] [info] Thread saw mini-batch with a maximum of 0.70% zero probability fragments
[2020-11-18 09:48:02.138] [jointLog] [info] Thread saw mini-batch with a maximum of 0.64% zero probability fragments
[2020-11-18 09:48:02.139] [jointLog] [info] Thread saw mini-batch with a maximum of 0.66% zero probability fragments
[2020-11-18 09:48:02.152] [jointLog] [info] Thread saw mini-batch with a maximum of 0.74% zero probability fragments
[2020-11-18 09:48:02.160] [jointLog] [info] Thread saw mini-batch with a maximum of 0.64% zero probability fragments
[2020-11-18 09:48:02.165] [jointLog] [info] Thread saw mini-batch with a maximum of 0.70% zero probability fragments
[2020-11-18 09:48:02.179] [jointLog] [info] Thread saw mini-batch with a maximum of 0.70% zero probability fragments
[2020-11-18 09:48:02.198] [jointLog] [info] Thread saw mini-batch with a maximum of 0.60% zero probability fragments
[2020-11-18 09:48:02.201] [jointLog] [info] Thread saw mini-batch with a maximum of 0.64% zero probability fragments
[2020-11-18 09:48:02.225] [jointLog] [info] Thread saw mini-batch with a maximum of 0.68% zero probability fragments
[2020-11-18 09:48:02.227] [jointLog] [info] Thread saw mini-batch with a maximum of 0.68% zero probability fragments
[2020-11-18 09:48:02.236] [jointLog] [info] Thread saw mini-batch with a maximum of 0.84% zero probability fragments
[2020-11-18 09:48:02.238] [jointLog] [info] Thread saw mini-batch with a maximum of 0.66% zero probability fragments
[2020-11-18 09:48:02.489] [jointLog] [info] Computed 95,102 rich equivalence classes for further processing
[2020-11-18 09:48:02.489] [jointLog] [info] Counted 23,347,477 total reads in the equivalence classes 
[2020-11-18 09:48:02.504] [jointLog] [info] Number of mappings discarded because of alignment score : 5,685,308
[2020-11-18 09:48:02.504] [jointLog] [info] Number of fragments entirely discarded because of alignment score : 2,220,501
[2020-11-18 09:48:02.504] [jointLog] [info] Number of fragments discarded because they are best-mapped to decoys : 1,569,837
[2020-11-18 09:48:02.504] [jointLog] [info] Number of fragments discarded because they have only dovetail (discordant) mappings to valid targets : 721,010
[2020-11-18 09:48:02.504] [jointLog] [info] Mapping rate = 63.5523%

[2020-11-18 09:48:02.504] [jointLog] [info] finished quantifyLibrary()
[2020-11-18 09:48:02.504] [jointLog] [info] Starting optimizer
[2020-11-18 09:48:02.524] [jointLog] [info] Marked 0 weighted equivalence classes as degenerate
[2020-11-18 09:48:02.528] [jointLog] [info] iteration = 0 | max rel diff. = 47342.2
[2020-11-18 09:48:02.546] [jointLog] [info] iteration 11, adjusting effective lengths to account for biases
[2020-11-18 09:48:02.489] [fileLog] [info] 
At end of round 0
==================
Observed 36737451 total fragments (36737451 in most recent round)

[2020-11-18 09:48:06.077] [jointLog] [info] Computed expected counts (for bias correction)
[2020-11-18 09:48:06.077] [jointLog] [info] processed bias for 0.0% of the transcripts
[2020-11-18 09:48:06.429] [jointLog] [info] processed bias for 10.0% of the transcripts
[2020-11-18 09:48:06.785] [jointLog] [info] processed bias for 20.0% of the transcripts
[2020-11-18 09:48:07.115] [jointLog] [info] processed bias for 30.0% of the transcripts
[2020-11-18 09:48:07.445] [jointLog] [info] processed bias for 40.0% of the transcripts
[2020-11-18 09:48:07.769] [jointLog] [info] processed bias for 50.0% of the transcripts
[2020-11-18 09:48:08.075] [jointLog] [info] processed bias for 60.0% of the transcripts
[2020-11-18 09:48:08.395] [jointLog] [info] processed bias for 70.0% of the transcripts
[2020-11-18 09:48:08.703] [jointLog] [info] processed bias for 80.0% of the transcripts
[2020-11-18 09:48:09.004] [jointLog] [info] processed bias for 90.0% of the transcripts
[2020-11-18 09:48:09.311] [jointLog] [info] processed bias for 100.0% of the transcripts
[2020-11-18 09:48:09.471] [jointLog] [info] iteration = 100 | max rel diff. = 2.03308
[2020-11-18 09:48:09.653] [jointLog] [info] iteration = 200 | max rel diff. = 0.230863
[2020-11-18 09:48:09.842] [jointLog] [info] iteration = 300 | max rel diff. = 0.0481799
[2020-11-18 09:48:09.998] [jointLog] [info] iteration = 385 | max rel diff. = 0.00943592
[2020-11-18 09:48:10.003] [jointLog] [info] Finished optimizer
[2020-11-18 09:48:10.003] [jointLog] [info] writing output 

