[2020-11-18 09:48:12.933] [jointLog] [info] setting maxHashResizeThreads to 40
[2020-11-18 09:48:12.933] [jointLog] [info] Fragment incompatibility prior below threshold.  Incompatible fragments will be ignored.
[2020-11-18 09:48:12.933] [jointLog] [info] Usage of --validateMappings implies use of minScoreFraction. Since not explicitly specified, it is being set to 0.65
[2020-11-18 09:48:12.933] [jointLog] [info] Usage of --validateMappings implies a default consensus slack of 0.2. Setting consensusSlack to 0.35.
[2020-11-18 09:48:12.933] [jointLog] [info] parsing read library format
[2020-11-18 09:48:12.933] [jointLog] [info] There is 1 library.
[2020-11-18 09:48:13.018] [jointLog] [info] Loading pufferfish index
[2020-11-18 09:48:13.018] [jointLog] [info] Loading dense pufferfish index.
[2020-11-18 09:48:39.595] [jointLog] [info] done
[2020-11-18 09:48:39.595] [jointLog] [info] Index contained 24,576 targets
[2020-11-18 09:48:40.018] [jointLog] [info] Number of decoys : 26
[2020-11-18 09:48:40.018] [jointLog] [info] First decoy index : 24,550 
[2020-11-18 09:50:04.397] [jointLog] [info] Thread saw mini-batch with a maximum of 0.68% zero probability fragments
[2020-11-18 09:50:04.397] [jointLog] [info] Thread saw mini-batch with a maximum of 0.62% zero probability fragments
[2020-11-18 09:50:04.397] [jointLog] [info] Thread saw mini-batch with a maximum of 0.72% zero probability fragments
[2020-11-18 09:50:04.397] [jointLog] [info] Thread saw mini-batch with a maximum of 0.68% zero probability fragments
[2020-11-18 09:50:04.398] [jointLog] [info] Thread saw mini-batch with a maximum of 0.68% zero probability fragments
[2020-11-18 09:50:04.398] [jointLog] [info] Thread saw mini-batch with a maximum of 0.76% zero probability fragments
[2020-11-18 09:50:04.398] [jointLog] [info] Thread saw mini-batch with a maximum of 0.68% zero probability fragments
[2020-11-18 09:50:04.398] [jointLog] [info] Thread saw mini-batch with a maximum of 0.76% zero probability fragments
[2020-11-18 09:50:04.398] [jointLog] [info] Thread saw mini-batch with a maximum of 0.82% zero probability fragments
[2020-11-18 09:50:04.398] [jointLog] [info] Thread saw mini-batch with a maximum of 0.68% zero probability fragments
[2020-11-18 09:50:04.398] [jointLog] [info] Thread saw mini-batch with a maximum of 0.82% zero probability fragments
[2020-11-18 09:50:04.398] [jointLog] [info] Thread saw mini-batch with a maximum of 0.66% zero probability fragments
[2020-11-18 09:50:04.398] [jointLog] [info] Thread saw mini-batch with a maximum of 0.64% zero probability fragments
[2020-11-18 09:50:04.398] [jointLog] [info] Thread saw mini-batch with a maximum of 0.80% zero probability fragments
[2020-11-18 09:50:04.400] [jointLog] [info] Thread saw mini-batch with a maximum of 0.68% zero probability fragments
[2020-11-18 09:50:04.412] [jointLog] [info] Thread saw mini-batch with a maximum of 0.70% zero probability fragments
[2020-11-18 09:50:04.415] [jointLog] [info] Thread saw mini-batch with a maximum of 0.70% zero probability fragments
[2020-11-18 09:50:04.435] [jointLog] [info] Thread saw mini-batch with a maximum of 0.68% zero probability fragments
[2020-11-18 09:50:04.436] [jointLog] [info] Thread saw mini-batch with a maximum of 0.76% zero probability fragments
[2020-11-18 09:50:04.437] [jointLog] [info] Thread saw mini-batch with a maximum of 0.62% zero probability fragments
[2020-11-18 09:50:04.444] [jointLog] [info] Thread saw mini-batch with a maximum of 0.74% zero probability fragments
[2020-11-18 09:50:04.449] [jointLog] [info] Thread saw mini-batch with a maximum of 0.72% zero probability fragments
[2020-11-18 09:50:04.475] [jointLog] [info] Thread saw mini-batch with a maximum of 0.68% zero probability fragments
[2020-11-18 09:50:04.491] [jointLog] [info] Thread saw mini-batch with a maximum of 0.64% zero probability fragments
[2020-11-18 09:50:04.496] [jointLog] [info] Thread saw mini-batch with a maximum of 0.66% zero probability fragments
[2020-11-18 09:50:04.500] [jointLog] [info] Thread saw mini-batch with a maximum of 0.70% zero probability fragments
[2020-11-18 09:50:04.501] [jointLog] [info] Thread saw mini-batch with a maximum of 0.68% zero probability fragments
[2020-11-18 09:50:04.517] [jointLog] [info] Thread saw mini-batch with a maximum of 0.66% zero probability fragments
[2020-11-18 09:50:04.526] [jointLog] [info] Thread saw mini-batch with a maximum of 0.68% zero probability fragments
[2020-11-18 09:50:04.527] [jointLog] [info] Thread saw mini-batch with a maximum of 0.70% zero probability fragments
[2020-11-18 09:50:04.540] [jointLog] [info] Thread saw mini-batch with a maximum of 0.66% zero probability fragments
[2020-11-18 09:50:04.548] [jointLog] [info] Thread saw mini-batch with a maximum of 0.80% zero probability fragments
[2020-11-18 09:50:04.550] [jointLog] [info] Thread saw mini-batch with a maximum of 0.74% zero probability fragments
[2020-11-18 09:50:04.576] [jointLog] [info] Thread saw mini-batch with a maximum of 0.70% zero probability fragments
[2020-11-18 09:50:04.591] [jointLog] [info] Thread saw mini-batch with a maximum of 0.64% zero probability fragments
[2020-11-18 09:50:04.605] [jointLog] [info] Thread saw mini-batch with a maximum of 0.66% zero probability fragments
[2020-11-18 09:50:04.614] [jointLog] [info] Thread saw mini-batch with a maximum of 0.76% zero probability fragments
[2020-11-18 09:50:04.635] [jointLog] [info] Thread saw mini-batch with a maximum of 0.76% zero probability fragments
[2020-11-18 09:50:04.647] [jointLog] [info] Thread saw mini-batch with a maximum of 0.72% zero probability fragments
[2020-11-18 09:50:04.669] [jointLog] [info] Thread saw mini-batch with a maximum of 0.70% zero probability fragments
[2020-11-18 09:50:04.916] [fileLog] [info] 
At end of round 0
==================
Observed 39327725 total fragments (39327725 in most recent round)

[2020-11-18 09:50:04.916] [jointLog] [info] Computed 79,171 rich equivalence classes for further processing
[2020-11-18 09:50:04.916] [jointLog] [info] Counted 21,997,678 total reads in the equivalence classes 
[2020-11-18 09:50:04.929] [jointLog] [info] Number of mappings discarded because of alignment score : 5,831,339
[2020-11-18 09:50:04.929] [jointLog] [info] Number of fragments entirely discarded because of alignment score : 2,863,937
[2020-11-18 09:50:04.929] [jointLog] [info] Number of fragments discarded because they are best-mapped to decoys : 2,189,426
[2020-11-18 09:50:04.929] [jointLog] [info] Number of fragments discarded because they have only dovetail (discordant) mappings to valid targets : 687,721
[2020-11-18 09:50:04.929] [jointLog] [info] Mapping rate = 55.9343%

[2020-11-18 09:50:04.929] [jointLog] [info] finished quantifyLibrary()
[2020-11-18 09:50:04.930] [jointLog] [info] Starting optimizer
[2020-11-18 09:50:04.954] [jointLog] [info] Marked 0 weighted equivalence classes as degenerate
[2020-11-18 09:50:04.957] [jointLog] [info] iteration = 0 | max rel diff. = 48009.5
[2020-11-18 09:50:04.980] [jointLog] [info] iteration 11, adjusting effective lengths to account for biases
[2020-11-18 09:50:07.804] [jointLog] [info] Computed expected counts (for bias correction)
[2020-11-18 09:50:07.804] [jointLog] [info] processed bias for 0.0% of the transcripts
[2020-11-18 09:50:08.067] [jointLog] [info] processed bias for 10.0% of the transcripts
[2020-11-18 09:50:08.336] [jointLog] [info] processed bias for 20.0% of the transcripts
[2020-11-18 09:50:08.597] [jointLog] [info] processed bias for 30.0% of the transcripts
[2020-11-18 09:50:08.873] [jointLog] [info] processed bias for 40.0% of the transcripts
[2020-11-18 09:50:09.138] [jointLog] [info] processed bias for 50.0% of the transcripts
[2020-11-18 09:50:09.407] [jointLog] [info] processed bias for 60.0% of the transcripts
[2020-11-18 09:50:09.673] [jointLog] [info] processed bias for 70.0% of the transcripts
[2020-11-18 09:50:09.933] [jointLog] [info] processed bias for 80.0% of the transcripts
[2020-11-18 09:50:10.196] [jointLog] [info] processed bias for 90.0% of the transcripts
[2020-11-18 09:50:10.520] [jointLog] [info] processed bias for 100.0% of the transcripts
[2020-11-18 09:50:10.684] [jointLog] [info] iteration = 100 | max rel diff. = 3.35986
[2020-11-18 09:50:10.861] [jointLog] [info] iteration = 200 | max rel diff. = 0.249537
[2020-11-18 09:50:11.033] [jointLog] [info] iteration = 300 | max rel diff. = 0.348799
[2020-11-18 09:50:11.212] [jointLog] [info] iteration = 400 | max rel diff. = 0.015586
[2020-11-18 09:50:11.296] [jointLog] [info] iteration = 448 | max rel diff. = 0.00692929
[2020-11-18 09:50:11.300] [jointLog] [info] Finished optimizer
[2020-11-18 09:50:11.300] [jointLog] [info] writing output 

