[2020-11-18 09:59:52.470] [jointLog] [info] setting maxHashResizeThreads to 40
[2020-11-18 09:59:52.470] [jointLog] [info] Fragment incompatibility prior below threshold.  Incompatible fragments will be ignored.
[2020-11-18 09:59:52.470] [jointLog] [info] Usage of --validateMappings implies use of minScoreFraction. Since not explicitly specified, it is being set to 0.65
[2020-11-18 09:59:52.470] [jointLog] [info] Usage of --validateMappings implies a default consensus slack of 0.2. Setting consensusSlack to 0.35.
[2020-11-18 09:59:52.470] [jointLog] [info] parsing read library format
[2020-11-18 09:59:52.470] [jointLog] [info] There is 1 library.
[2020-11-18 09:59:52.555] [jointLog] [info] Loading pufferfish index
[2020-11-18 09:59:52.555] [jointLog] [info] Loading dense pufferfish index.
[2020-11-18 10:00:19.058] [jointLog] [info] done
[2020-11-18 10:00:19.058] [jointLog] [info] Index contained 24,576 targets
[2020-11-18 10:00:19.483] [jointLog] [info] Number of decoys : 26
[2020-11-18 10:00:19.483] [jointLog] [info] First decoy index : 24,550 
[2020-11-18 10:01:27.056] [jointLog] [info] Thread saw mini-batch with a maximum of 0.84% zero probability fragments
[2020-11-18 10:01:27.056] [jointLog] [info] Thread saw mini-batch with a maximum of 0.76% zero probability fragments
[2020-11-18 10:01:27.056] [jointLog] [info] Thread saw mini-batch with a maximum of 0.72% zero probability fragments
[2020-11-18 10:01:27.056] [jointLog] [info] Thread saw mini-batch with a maximum of 0.76% zero probability fragments
[2020-11-18 10:01:27.056] [jointLog] [info] Thread saw mini-batch with a maximum of 0.74% zero probability fragments
[2020-11-18 10:01:27.056] [jointLog] [info] Thread saw mini-batch with a maximum of 0.80% zero probability fragments
[2020-11-18 10:01:27.056] [jointLog] [info] Thread saw mini-batch with a maximum of 0.76% zero probability fragments
[2020-11-18 10:01:27.056] [jointLog] [info] Thread saw mini-batch with a maximum of 0.78% zero probability fragments
[2020-11-18 10:01:27.056] [jointLog] [info] Thread saw mini-batch with a maximum of 0.84% zero probability fragments
[2020-11-18 10:01:27.056] [jointLog] [info] Thread saw mini-batch with a maximum of 0.82% zero probability fragments
[2020-11-18 10:01:27.056] [jointLog] [info] Thread saw mini-batch with a maximum of 0.76% zero probability fragments
[2020-11-18 10:01:27.056] [jointLog] [info] Thread saw mini-batch with a maximum of 0.74% zero probability fragments
[2020-11-18 10:01:27.056] [jointLog] [info] Thread saw mini-batch with a maximum of 0.86% zero probability fragments
[2020-11-18 10:01:27.056] [jointLog] [info] Thread saw mini-batch with a maximum of 0.76% zero probability fragments
[2020-11-18 10:01:27.059] [jointLog] [info] Thread saw mini-batch with a maximum of 0.90% zero probability fragments
[2020-11-18 10:01:27.092] [jointLog] [info] Thread saw mini-batch with a maximum of 0.78% zero probability fragments
[2020-11-18 10:01:27.095] [jointLog] [info] Thread saw mini-batch with a maximum of 0.72% zero probability fragments
[2020-11-18 10:01:27.104] [jointLog] [info] Thread saw mini-batch with a maximum of 0.76% zero probability fragments
[2020-11-18 10:01:27.105] [jointLog] [info] Thread saw mini-batch with a maximum of 0.80% zero probability fragments
[2020-11-18 10:01:27.116] [jointLog] [info] Thread saw mini-batch with a maximum of 0.90% zero probability fragments
[2020-11-18 10:01:27.120] [jointLog] [info] Thread saw mini-batch with a maximum of 0.94% zero probability fragments
[2020-11-18 10:01:27.144] [jointLog] [info] Thread saw mini-batch with a maximum of 0.80% zero probability fragments
[2020-11-18 10:01:27.151] [jointLog] [info] Thread saw mini-batch with a maximum of 0.80% zero probability fragments
[2020-11-18 10:01:27.175] [jointLog] [info] Thread saw mini-batch with a maximum of 0.78% zero probability fragments
[2020-11-18 10:01:27.199] [jointLog] [info] Thread saw mini-batch with a maximum of 0.80% zero probability fragments
[2020-11-18 10:01:27.217] [jointLog] [info] Thread saw mini-batch with a maximum of 0.76% zero probability fragments
[2020-11-18 10:01:27.229] [jointLog] [info] Thread saw mini-batch with a maximum of 0.78% zero probability fragments
[2020-11-18 10:01:27.231] [jointLog] [info] Thread saw mini-batch with a maximum of 0.86% zero probability fragments
[2020-11-18 10:01:27.236] [jointLog] [info] Thread saw mini-batch with a maximum of 0.78% zero probability fragments
[2020-11-18 10:01:27.241] [jointLog] [info] Thread saw mini-batch with a maximum of 0.90% zero probability fragments
[2020-11-18 10:01:27.250] [jointLog] [info] Thread saw mini-batch with a maximum of 0.78% zero probability fragments
[2020-11-18 10:01:27.255] [jointLog] [info] Thread saw mini-batch with a maximum of 0.76% zero probability fragments
[2020-11-18 10:01:27.263] [jointLog] [info] Thread saw mini-batch with a maximum of 0.76% zero probability fragments
[2020-11-18 10:01:27.275] [jointLog] [info] Thread saw mini-batch with a maximum of 0.72% zero probability fragments
[2020-11-18 10:01:27.277] [jointLog] [info] Thread saw mini-batch with a maximum of 0.86% zero probability fragments
[2020-11-18 10:01:27.278] [jointLog] [info] Thread saw mini-batch with a maximum of 0.78% zero probability fragments
[2020-11-18 10:01:27.287] [jointLog] [info] Thread saw mini-batch with a maximum of 0.76% zero probability fragments
[2020-11-18 10:01:27.290] [jointLog] [info] Thread saw mini-batch with a maximum of 0.80% zero probability fragments
[2020-11-18 10:01:27.296] [jointLog] [info] Thread saw mini-batch with a maximum of 0.76% zero probability fragments
[2020-11-18 10:01:27.316] [jointLog] [info] Thread saw mini-batch with a maximum of 0.84% zero probability fragments
[2020-11-18 10:01:27.652] [fileLog] [info] 
At end of round 0
==================
Observed 31751311 total fragments (31751311 in most recent round)

[2020-11-18 10:01:27.651] [jointLog] [info] Computed 101,591 rich equivalence classes for further processing
[2020-11-18 10:01:27.651] [jointLog] [info] Counted 18,349,382 total reads in the equivalence classes 
[2020-11-18 10:01:27.700] [jointLog] [info] Number of mappings discarded because of alignment score : 4,921,157
[2020-11-18 10:01:27.700] [jointLog] [info] Number of fragments entirely discarded because of alignment score : 2,557,178
[2020-11-18 10:01:27.700] [jointLog] [info] Number of fragments discarded because they are best-mapped to decoys : 1,911,313
[2020-11-18 10:01:27.700] [jointLog] [info] Number of fragments discarded because they have only dovetail (discordant) mappings to valid targets : 628,888
[2020-11-18 10:01:27.700] [jointLog] [info] Mapping rate = 57.7909%

[2020-11-18 10:01:27.700] [jointLog] [info] finished quantifyLibrary()
[2020-11-18 10:01:27.700] [jointLog] [info] Starting optimizer
[2020-11-18 10:01:27.726] [jointLog] [info] Marked 0 weighted equivalence classes as degenerate
[2020-11-18 10:01:27.728] [jointLog] [info] iteration = 0 | max rel diff. = 24333.8
[2020-11-18 10:01:27.748] [jointLog] [info] iteration 11, adjusting effective lengths to account for biases
[2020-11-18 10:01:31.542] [jointLog] [info] Computed expected counts (for bias correction)
[2020-11-18 10:01:31.542] [jointLog] [info] processed bias for 0.0% of the transcripts
[2020-11-18 10:01:31.909] [jointLog] [info] processed bias for 10.0% of the transcripts
[2020-11-18 10:01:32.270] [jointLog] [info] processed bias for 20.0% of the transcripts
[2020-11-18 10:01:32.620] [jointLog] [info] processed bias for 30.0% of the transcripts
[2020-11-18 10:01:32.969] [jointLog] [info] processed bias for 40.0% of the transcripts
[2020-11-18 10:01:33.308] [jointLog] [info] processed bias for 50.0% of the transcripts
[2020-11-18 10:01:33.644] [jointLog] [info] processed bias for 60.0% of the transcripts
[2020-11-18 10:01:33.976] [jointLog] [info] processed bias for 70.0% of the transcripts
[2020-11-18 10:01:34.298] [jointLog] [info] processed bias for 80.0% of the transcripts
[2020-11-18 10:01:34.619] [jointLog] [info] processed bias for 90.0% of the transcripts
[2020-11-18 10:01:34.976] [jointLog] [info] processed bias for 100.0% of the transcripts
[2020-11-18 10:01:35.141] [jointLog] [info] iteration = 100 | max rel diff. = 0.253758
[2020-11-18 10:01:35.326] [jointLog] [info] iteration = 200 | max rel diff. = 0.0536736
[2020-11-18 10:01:35.505] [jointLog] [info] iteration = 300 | max rel diff. = 0.0937599
[2020-11-18 10:01:35.618] [jointLog] [info] iteration = 365 | max rel diff. = 0.00697077
[2020-11-18 10:01:35.624] [jointLog] [info] Finished optimizer
[2020-11-18 10:01:35.624] [jointLog] [info] writing output 

